<?xml version="1.0" encoding="UTF-8"?>
<!-- Generated by org.testng.reporters.JUnitReportReporter -->
<testsuite hostname="ATMECSBLRLT-030" failures="0" tests="2" name="com.atmecs.automationSite.Twitter" time="5.717" errors="1" timestamp="29 Sep 2020 08:38:35 GMT" skipped="1">
  <testcase classname="com.atmecs.automationSite.Twitter" name="declaration" time="5.717">
    <error message="session not created
from chrome not reachable
  (Session info: chrome=85.0.4183.121)
Build info: version: &#039;3.141.59&#039;, revision: &#039;e82be7d358&#039;, time: &#039;2018-11-14T08:17:03&#039;
System info: host: &#039;ATMECSBLRLT-030&#039;, ip: &#039;192.168.56.1&#039;, os.name: &#039;Windows 10&#039;, os.arch: &#039;amd64&#039;, os.version: &#039;10.0&#039;, java.version: &#039;14.0.2&#039;
Driver info: driver.version: ChromeDriver
remote stacktrace: Backtrace:
	Ordinal0 [0x00DA87E3+2852835]
	Ordinal0 [0x00C95BB1+1727409]
	Ordinal0 [0x00B6E362+516962]
	Ordinal0 [0x00B67D82+490882]
	Ordinal0 [0x00B6846B+492651]
	Ordinal0 [0x00B693C5+496581]
	Ordinal0 [0x00B64D64+478564]
	Ordinal0 [0x00B6F300+520960]
	Ordinal0 [0x00B1E489+189577]
	Ordinal0 [0x00B1D7FD+186365]
	Ordinal0 [0x00B1B70B+177931]
	Ordinal0 [0x00B02584+75140]
	Ordinal0 [0x00B03650+79440]
	Ordinal0 [0x00B035E9+79337]
	Ordinal0 [0x00CAAD5C+1813852]
	GetHandleVerifier [0x00ECC616+1075574]
	GetHandleVerifier [0x00ECC367+1074887]
	GetHandleVerifier [0x00ED7497+1120247]
	GetHandleVerifier [0x00ECCC16+1077110]
	Ordinal0 [0x00CA3206+1782278]
	Ordinal0 [0x00CAC3BB+1819579]
	Ordinal0 [0x00CAC523+1819939]
	Ordinal0 [0x00CC2B45+1911621]
	BaseThreadInitThunk [0x759D0419+25]
	RtlGetAppContainerNamedObjectPath [0x775E662D+237]
	RtlGetAppContainerNamedObjectPath [0x775E65FD+189]
" type="org.openqa.selenium.SessionNotCreatedException">
      <![CDATA[org.openqa.selenium.SessionNotCreatedException: session not created
from chrome not reachable
  (Session info: chrome=85.0.4183.121)
Build info: version: '3.141.59', revision: 'e82be7d358', time: '2018-11-14T08:17:03'
System info: host: 'ATMECSBLRLT-030', ip: '192.168.56.1', os.name: 'Windows 10', os.arch: 'amd64', os.version: '10.0', java.version: '14.0.2'
Driver info: driver.version: ChromeDriver
remote stacktrace: Backtrace:
Ordinal0 [0x00DA87E3+2852835]
Ordinal0 [0x00C95BB1+1727409]
Ordinal0 [0x00B6E362+516962]
Ordinal0 [0x00B67D82+490882]
Ordinal0 [0x00B6846B+492651]
Ordinal0 [0x00B693C5+496581]
Ordinal0 [0x00B64D64+478564]
Ordinal0 [0x00B6F300+520960]
Ordinal0 [0x00B1E489+189577]
Ordinal0 [0x00B1D7FD+186365]
Ordinal0 [0x00B1B70B+177931]
Ordinal0 [0x00B02584+75140]
Ordinal0 [0x00B03650+79440]
Ordinal0 [0x00B035E9+79337]
Ordinal0 [0x00CAAD5C+1813852]
GetHandleVerifier [0x00ECC616+1075574]
GetHandleVerifier [0x00ECC367+1074887]
GetHandleVerifier [0x00ED7497+1120247]
GetHandleVerifier [0x00ECCC16+1077110]
Ordinal0 [0x00CA3206+1782278]
Ordinal0 [0x00CAC3BB+1819579]
Ordinal0 [0x00CAC523+1819939]
Ordinal0 [0x00CC2B45+1911621]
BaseThreadInitThunk [0x759D0419+25]
RtlGetAppContainerNamedObjectPath [0x775E662D+237]
RtlGetAppContainerNamedObjectPath [0x775E65FD+189]

at java.base/jdk.internal.reflect.NativeConstructorAccessorImpl.newInstance0(Native Method)
at java.base/jdk.internal.reflect.NativeConstructorAccessorImpl.newInstance(NativeConstructorAccessorImpl.java:62)
at java.base/jdk.internal.reflect.DelegatingConstructorAccessorImpl.newInstance(DelegatingConstructorAccessorImpl.java:45)
at java.base/java.lang.reflect.Constructor.newInstanceWithCaller(Constructor.java:500)
at java.base/java.lang.reflect.Constructor.newInstance(Constructor.java:481)
at org.openqa.selenium.remote.W3CHandshakeResponse.lambda$errorHandler$0(W3CHandshakeResponse.java:62)
at org.openqa.selenium.remote.HandshakeResponse.lambda$getResponseFunction$0(HandshakeResponse.java:30)
at org.openqa.selenium.remote.ProtocolHandshake.lambda$createSession$0(ProtocolHandshake.java:126)
at java.base/java.util.stream.ReferencePipeline$3$1.accept(ReferencePipeline.java:195)
at java.base/java.util.Spliterators$ArraySpliterator.tryAdvance(Spliterators.java:958)
at java.base/java.util.stream.ReferencePipeline.forEachWithCancel(ReferencePipeline.java:127)
at java.base/java.util.stream.AbstractPipeline.copyIntoWithCancel(AbstractPipeline.java:502)
at java.base/java.util.stream.AbstractPipeline.copyInto(AbstractPipeline.java:488)
at java.base/java.util.stream.AbstractPipeline.wrapAndCopyInto(AbstractPipeline.java:474)
at java.base/java.util.stream.FindOps$FindOp.evaluateSequential(FindOps.java:150)
at java.base/java.util.stream.AbstractPipeline.evaluate(AbstractPipeline.java:234)
at java.base/java.util.stream.ReferencePipeline.findFirst(ReferencePipeline.java:543)
at org.openqa.selenium.remote.ProtocolHandshake.createSession(ProtocolHandshake.java:128)
at org.openqa.selenium.remote.ProtocolHandshake.createSession(ProtocolHandshake.java:74)
at org.openqa.selenium.remote.HttpCommandExecutor.execute(HttpCommandExecutor.java:136)
at org.openqa.selenium.remote.service.DriverCommandExecutor.execute(DriverCommandExecutor.java:83)
at org.openqa.selenium.remote.RemoteWebDriver.execute(RemoteWebDriver.java:552)
at org.openqa.selenium.remote.RemoteWebDriver.startSession(RemoteWebDriver.java:213)
at org.openqa.selenium.remote.RemoteWebDriver.<init>(RemoteWebDriver.java:131)
at org.openqa.selenium.chrome.ChromeDriver.<init>(ChromeDriver.java:181)
at org.openqa.selenium.chrome.ChromeDriver.<init>(ChromeDriver.java:168)
at org.openqa.selenium.chrome.ChromeDriver.<init>(ChromeDriver.java:123)
at browser.SetUp.declaration(SetUp.java:26)
at java.base/jdk.internal.reflect.NativeMethodAccessorImpl.invoke0(Native Method)
at java.base/jdk.internal.reflect.NativeMethodAccessorImpl.invoke(NativeMethodAccessorImpl.java:62)
at java.base/jdk.internal.reflect.DelegatingMethodAccessorImpl.invoke(DelegatingMethodAccessorImpl.java:43)
at java.base/java.lang.reflect.Method.invoke(Method.java:564)
at org.testng.internal.MethodInvocationHelper.invokeMethod(MethodInvocationHelper.java:124)
at org.testng.internal.MethodInvocationHelper.invokeMethodConsideringTimeout(MethodInvocationHelper.java:59)
at org.testng.internal.Invoker.invokeConfigurationMethod(Invoker.java:458)
at org.testng.internal.Invoker.invokeConfigurations(Invoker.java:222)
at org.testng.internal.Invoker.invokeMethod(Invoker.java:523)
at org.testng.internal.Invoker.invokeTestMethod(Invoker.java:719)
at org.testng.internal.Invoker.invokeTestMethods(Invoker.java:989)
at org.testng.internal.TestMethodWorker.invokeTestMethods(TestMethodWorker.java:125)
at org.testng.internal.TestMethodWorker.run(TestMethodWorker.java:109)
at org.testng.TestRunner.privateRun(TestRunner.java:648)
at org.testng.TestRunner.run(TestRunner.java:505)
at org.testng.SuiteRunner.runTest(SuiteRunner.java:455)
at org.testng.SuiteRunner.runSequentially(SuiteRunner.java:450)
at org.testng.SuiteRunner.privateRun(SuiteRunner.java:415)
at org.testng.SuiteRunner.run(SuiteRunner.java:364)
at org.testng.SuiteRunnerWorker.runSuite(SuiteRunnerWorker.java:52)
at org.testng.SuiteRunnerWorker.run(SuiteRunnerWorker.java:84)
at org.testng.TestNG.runSuitesSequentially(TestNG.java:1208)
at org.testng.TestNG.runSuitesLocally(TestNG.java:1137)
at org.testng.TestNG.runSuites(TestNG.java:1049)
at org.testng.TestNG.run(TestNG.java:1017)
at org.testng.remote.AbstractRemoteTestNG.run(AbstractRemoteTestNG.java:115)
at org.testng.remote.RemoteTestNG.initAndRun(RemoteTestNG.java:251)
at org.testng.remote.RemoteTestNG.main(RemoteTestNG.java:77)
]]>
    </error>
  </testcase> <!-- declaration -->
  <testcase classname="com.atmecs.automationSite.Twitter" name="twitter" time="0.000">
    <skipped/>
  </testcase> <!-- twitter -->
</testsuite> <!-- com.atmecs.automationSite.Twitter -->
